# JRE version: OpenJDK Runtime Environment Corretto-17.0.14.7.1 (17.0.14+7) (build 17.0.14+7-LTS)
# Java VM: OpenJDK 64-Bit Server VM Corretto-17.0.14.7.1 (17.0.14+7-LTS, mixed mode, sharing, tiered, compressed oops, compressed class ptrs, g1 gc, windows-amd64)
GC Precious Log:
 CPUs: 32 total, 32 available
 Memory: 65149M
 Large Page Support: Disabled
 NUMA Support: Disabled
 Compressed Oops: Enabled (32-bit)
 Heap Region Size: 1M
 Heap Min Capacity: 8M
 Heap Initial Capacity: 512M
 Heap Max Capacity: 512M
 Pre-touch: Disabled
 Parallel Workers: 23
 Concurrent Workers: 6
 Concurrent Refinement Workers: 23
 Periodic GC: Disabled
Heap:
 garbage-first heap   total 58368K, used 37106K [0x00000000e0000000, 0x0000000100000000)
  region size 1024K, 16 young (16384K), 2 survivors (2048K)
 Metaspace       used 44859K, committed 45440K, reserved 1114112K
  class space    used 6575K, committed 6848K, reserved 1048576K
GC Heap History (20 events):
Event: 0.315 GC heap before
{Heap before GC invocations=0 (full 0):
 garbage-first heap   total 524288K, used 27648K [0x00000000e0000000, 0x0000000100000000)
  region size 1024K, 25 young (25600K), 0 survivors (0K)
 Metaspace       used 5733K, committed 5888K, reserved 1114112K
  class space    used 724K, committed 832K, reserved 1048576K
}
Event: 0.319 GC heap after
{Heap after GC invocations=1 (full 0):
 garbage-first heap   total 524288K, used 10472K [0x00000000e0000000, 0x0000000100000000)
  region size 1024K, 4 young (4096K), 4 survivors (4096K)
 Metaspace       used 5733K, committed 5888K, reserved 1114112K
  class space    used 724K, committed 832K, reserved 1048576K
}
Event: 0.584 GC heap before
{Heap before GC invocations=1 (full 0):
 garbage-first heap   total 524288K, used 35048K [0x00000000e0000000, 0x0000000100000000)
  region size 1024K, 29 young (29696K), 4 survivors (4096K)
 Metaspace       used 10849K, committed 11136K, reserved 1114112K
  class space    used 1445K, committed 1600K, reserved 1048576K
}
Event: 0.586 GC heap after
{Heap after GC invocations=2 (full 0):
 garbage-first heap   total 524288K, used 12419K [0x00000000e0000000, 0x0000000100000000)
  region size 1024K, 2 young (2048K), 2 survivors (2048K)
 Metaspace       used 10849K, committed 11136K, reserved 1114112K
  class space    used 1445K, committed 1600K, reserved 1048576K
}
Event: 1.048 GC heap before
{Heap before GC invocations=2 (full 0):
 garbage-first heap   total 524288K, used 66691K [0x00000000e0000000, 0x0000000100000000)
  region size 1024K, 56 young (57344K), 2 survivors (2048K)
 Metaspace       used 21239K, committed 21504K, reserved 1114112K
  class space    used 3007K, committed 3136K, reserved 1048576K
}
Event: 1.051 GC heap after
{Heap after GC invocations=3 (full 0):
 garbage-first heap   total 524288K, used 15612K [0x00000000e0000000, 0x0000000100000000)
  region size 1024K, 5 young (5120K), 5 survivors (5120K)
 Metaspace       used 21239K, committed 21504K, reserved 1114112K
  class space    used 3007K, committed 3136K, reserved 1048576K
}
Event: 1.268 GC heap before
{Heap before GC invocations=4 (full 0):
 garbage-first heap   total 58368K, used 43260K [0x00000000e0000000, 0x0000000100000000)
  region size 1024K, 33 young (33792K), 5 survivors (5120K)
 Metaspace       used 25174K, committed 25536K, reserved 1114112K
  class space    used 3458K, committed 3648K, reserved 1048576K
}
Event: 1.271 GC heap after
{Heap after GC invocations=5 (full 0):
 garbage-first heap   total 58368K, used 17861K [0x00000000e0000000, 0x0000000100000000)
  region size 1024K, 8 young (8192K), 8 survivors (8192K)
 Metaspace       used 25174K, committed 25536K, reserved 1114112K
  class space    used 3458K, committed 3648K, reserved 1048576K
}
Event: 1.279 GC heap before
{Heap before GC invocations=5 (full 0):
 garbage-first heap   total 58368K, used 18885K [0x00000000e0000000, 0x0000000100000000)
  region size 1024K, 9 young (9216K), 8 survivors (8192K)
 Metaspace       used 25232K, committed 25600K, reserved 1114112K
  class space    used 3462K, committed 3648K, reserved 1048576K
}
Event: 1.282 GC heap after
{Heap after GC invocations=6 (full 0):
 garbage-first heap   total 58368K, used 18386K [0x00000000e0000000, 0x0000000100000000)
  region size 1024K, 2 young (2048K), 2 survivors (2048K)
 Metaspace       used 25232K, committed 25600K, reserved 1114112K
  class space    used 3462K, committed 3648K, reserved 1048576K
}
Event: 1.444 GC heap before
{Heap before GC invocations=6 (full 0):
 garbage-first heap   total 58368K, used 37842K [0x00000000e0000000, 0x0000000100000000)
  region size 1024K, 22 young (22528K), 2 survivors (2048K)
 Metaspace       used 28813K, committed 29120K, reserved 1114112K
  class space    used 3934K, committed 4096K, reserved 1048576K
}
Event: 1.446 GC heap after
{Heap after GC invocations=7 (full 0):
 garbage-first heap   total 58368K, used 18695K [0x00000000e0000000, 0x0000000100000000)
  region size 1024K, 2 young (2048K), 2 survivors (2048K)
 Metaspace       used 28813K, committed 29120K, reserved 1114112K
  class space    used 3934K, committed 4096K, reserved 1048576K
}
Event: 1.828 GC heap before
{Heap before GC invocations=7 (full 0):
 garbage-first heap   total 58368K, used 41223K [0x00000000e0000000, 0x0000000100000000)
  region size 1024K, 24 young (24576K), 2 survivors (2048K)
 Metaspace       used 33049K, committed 33408K, reserved 1114112K
  class space    used 4674K, committed 4864K, reserved 1048576K
}
Event: 1.829 GC heap after
{Heap after GC invocations=8 (full 0):
 garbage-first heap   total 58368K, used 19814K [0x00000000e0000000, 0x0000000100000000)
  region size 1024K, 3 young (3072K), 3 survivors (3072K)
 Metaspace       used 33049K, committed 33408K, reserved 1114112K
  class space    used 4674K, committed 4864K, reserved 1048576K
}
Event: 2.162 GC heap before
{Heap before GC invocations=8 (full 0):
 garbage-first heap   total 58368K, used 37222K [0x00000000e0000000, 0x0000000100000000)
  region size 1024K, 21 young (21504K), 3 survivors (3072K)
 Metaspace       used 35771K, committed 36096K, reserved 1114112K
  class space    used 5198K, committed 5376K, reserved 1048576K
}
Event: 2.164 GC heap after
{Heap after GC invocations=9 (full 0):
 garbage-first heap   total 58368K, used 20590K [0x00000000e0000000, 0x0000000100000000)
  region size 1024K, 2 young (2048K), 2 survivors (2048K)
 Metaspace       used 35771K, committed 36096K, reserved 1114112K
  class space    used 5198K, committed 5376K, reserved 1048576K
}
Event: 3.069 GC heap before
{Heap before GC invocations=10 (full 0):
 garbage-first heap   total 58368K, used 43118K [0x00000000e0000000, 0x0000000100000000)
  region size 1024K, 24 young (24576K), 2 survivors (2048K)
 Metaspace       used 39121K, committed 39616K, reserved 1114112K
  class space    used 5676K, committed 5888K, reserved 1048576K
}
Event: 3.072 GC heap after
{Heap after GC invocations=11 (full 0):
 garbage-first heap   total 58368K, used 22479K [0x00000000e0000000, 0x0000000100000000)
  region size 1024K, 3 young (3072K), 3 survivors (3072K)
 Metaspace       used 39121K, committed 39616K, reserved 1114112K
  class space    used 5676K, committed 5888K, reserved 1048576K
}
Event: 3.489 GC heap before
{Heap before GC invocations=11 (full 0):
 garbage-first heap   total 58368K, used 43983K [0x00000000e0000000, 0x0000000100000000)
  region size 1024K, 24 young (24576K), 3 survivors (3072K)
 Metaspace       used 42263K, committed 42752K, reserved 1114112K
  class space    used 6185K, committed 6400K, reserved 1048576K
}
Event: 3.491 GC heap after
{Heap after GC invocations=12 (full 0):
 garbage-first heap   total 58368K, used 23794K [0x00000000e0000000, 0x0000000100000000)
  region size 1024K, 2 young (2048K), 2 survivors (2048K)
 Metaspace       used 42263K, committed 42752K, reserved 1114112K
  class space    used 6185K, committed 6400K, reserved 1048576K
}

